Determining if the pthread_create exist failed with the following output:
Change Dir: /home/esd/ws04_ws/build/CMakeFiles/CMakeTmp

Run Build Command:"/usr/bin/make" "cmTC_2c164/fast"
/usr/bin/make -f CMakeFiles/cmTC_2c164.dir/build.make CMakeFiles/cmTC_2c164.dir/build
make[1]: Entering directory '/home/esd/ws04_ws/build/CMakeFiles/CMakeTmp'
Building C object CMakeFiles/cmTC_2c164.dir/CheckSymbolExists.c.o
/usr/bin/cc     -o CMakeFiles/cmTC_2c164.dir/CheckSymbolExists.c.o   -c /home/esd/ws04_ws/build/CMakeFiles/CMakeTmp/CheckSymbolExists.c
Linking C executable cmTC_2c164
/usr/bin/cmake -E cmake_link_script CMakeFiles/cmTC_2c164.dir/link.txt --verbose=1
/usr/bin/cc       CMakeFiles/cmTC_2c164.dir/CheckSymbolExists.c.o  -o cmTC_2c164 -rdynamic 
CMakeFiles/cmTC_2c164.dir/CheckSymbolExists.c.o: In function `main':
CheckSymbolExists.c:(.text+0x16): undefined reference to `pthread_create'
collect2: error: ld returned 1 exit status
CMakeFiles/cmTC_2c164.dir/build.make:97: recipe for target 'cmTC_2c164' failed
make[1]: *** [cmTC_2c164] Error 1
make[1]: Leaving directory '/home/esd/ws04_ws/build/CMakeFiles/CMakeTmp'
Makefile:126: recipe for target 'cmTC_2c164/fast' failed
make: *** [cmTC_2c164/fast] Error 2

File /home/esd/ws04_ws/build/CMakeFiles/CMakeTmp/CheckSymbolExists.c:
/* */
#include <pthread.h>

int main(int argc, char** argv)
{
  (void)argv;
#ifndef pthread_create
  return ((int*)(&pthread_create))[argc];
#else
  (void)argc;
  return 0;
#endif
}

Determining if the function pthread_create exists in the pthreads failed with the following output:
Change Dir: /home/esd/ws04_ws/build/CMakeFiles/CMakeTmp

Run Build Command:"/usr/bin/make" "cmTC_469ff/fast"
/usr/bin/make -f CMakeFiles/cmTC_469ff.dir/build.make CMakeFiles/cmTC_469ff.dir/build
make[1]: Entering directory '/home/esd/ws04_ws/build/CMakeFiles/CMakeTmp'
Building C object CMakeFiles/cmTC_469ff.dir/CheckFunctionExists.c.o
/usr/bin/cc    -DCHECK_FUNCTION_EXISTS=pthread_create   -o CMakeFiles/cmTC_469ff.dir/CheckFunctionExists.c.o   -c /usr/share/cmake-3.5/Modules/CheckFunctionExists.c
Linking C executable cmTC_469ff
/usr/bin/cmake -E cmake_link_script CMakeFiles/cmTC_469ff.dir/link.txt --verbose=1
/usr/bin/cc   -DCHECK_FUNCTION_EXISTS=pthread_create    CMakeFiles/cmTC_469ff.dir/CheckFunctionExists.c.o  -o cmTC_469ff -rdynamic -lpthreads 
/usr/bin/ld: cannot find -lpthreads
collect2: error: ld returned 1 exit status
CMakeFiles/cmTC_469ff.dir/build.make:97: recipe for target 'cmTC_469ff' failed
make[1]: *** [cmTC_469ff] Error 1
make[1]: Leaving directory '/home/esd/ws04_ws/build/CMakeFiles/CMakeTmp'
Makefile:126: recipe for target 'cmTC_469ff/fast' failed
make: *** [cmTC_469ff/fast] Error 2


